{"total": {"lines":{"total":242,"covered":242,"skipped":0,"pct":100},"statements":{"total":286,"covered":286,"skipped":0,"pct":100},"functions":{"total":211,"covered":211,"skipped":0,"pct":100},"branches":{"total":95,"covered":95,"skipped":0,"pct":100},"branchesTrue":{"total":0,"covered":0,"skipped":0,"pct":"Unknown"}}
,"/home/runner/work/neverever/neverever/src/Option.ts": {"lines":{"total":39,"covered":39,"skipped":0,"pct":100},"functions":{"total":28,"covered":28,"skipped":0,"pct":100},"statements":{"total":44,"covered":44,"skipped":0,"pct":100},"branches":{"total":32,"covered":32,"skipped":0,"pct":100}}
,"/home/runner/work/neverever/neverever/src/OptionAsync.ts": {"lines":{"total":71,"covered":71,"skipped":0,"pct":100},"functions":{"total":71,"covered":71,"skipped":0,"pct":100},"statements":{"total":85,"covered":85,"skipped":0,"pct":100},"branches":{"total":12,"covered":12,"skipped":0,"pct":100}}
,"/home/runner/work/neverever/neverever/src/Result.ts": {"lines":{"total":44,"covered":44,"skipped":0,"pct":100},"functions":{"total":30,"covered":30,"skipped":0,"pct":100},"statements":{"total":51,"covered":51,"skipped":0,"pct":100},"branches":{"total":37,"covered":37,"skipped":0,"pct":100}}
,"/home/runner/work/neverever/neverever/src/ResultAsync.ts": {"lines":{"total":77,"covered":77,"skipped":0,"pct":100},"functions":{"total":80,"covered":80,"skipped":0,"pct":100},"statements":{"total":94,"covered":94,"skipped":0,"pct":100},"branches":{"total":11,"covered":11,"skipped":0,"pct":100}}
,"/home/runner/work/neverever/neverever/src/utils.ts": {"lines":{"total":11,"covered":11,"skipped":0,"pct":100},"functions":{"total":2,"covered":2,"skipped":0,"pct":100},"statements":{"total":12,"covered":12,"skipped":0,"pct":100},"branches":{"total":3,"covered":3,"skipped":0,"pct":100}}
}
