{"total": {"lines":{"total":430,"covered":430,"skipped":0,"pct":100},"statements":{"total":555,"covered":555,"skipped":0,"pct":100},"functions":{"total":324,"covered":324,"skipped":0,"pct":100},"branches":{"total":172,"covered":172,"skipped":0,"pct":100},"branchesTrue":{"total":0,"covered":0,"skipped":0,"pct":"Unknown"}}
,"/home/runner/work/neverever/neverever/src/Option.ts": {"lines":{"total":83,"covered":83,"skipped":0,"pct":100},"functions":{"total":41,"covered":41,"skipped":0,"pct":100},"statements":{"total":103,"covered":103,"skipped":0,"pct":100},"branches":{"total":58,"covered":58,"skipped":0,"pct":100}}
,"/home/runner/work/neverever/neverever/src/OptionAsync.ts": {"lines":{"total":93,"covered":93,"skipped":0,"pct":100},"functions":{"total":96,"covered":96,"skipped":0,"pct":100},"statements":{"total":116,"covered":116,"skipped":0,"pct":100},"branches":{"total":15,"covered":15,"skipped":0,"pct":100}}
,"/home/runner/work/neverever/neverever/src/Result.ts": {"lines":{"total":121,"covered":121,"skipped":0,"pct":100},"functions":{"total":60,"covered":60,"skipped":0,"pct":100},"statements":{"total":152,"covered":152,"skipped":0,"pct":100},"branches":{"total":74,"covered":74,"skipped":0,"pct":100}}
,"/home/runner/work/neverever/neverever/src/ResultAsync.ts": {"lines":{"total":105,"covered":105,"skipped":0,"pct":100},"functions":{"total":116,"covered":116,"skipped":0,"pct":100},"statements":{"total":136,"covered":136,"skipped":0,"pct":100},"branches":{"total":18,"covered":18,"skipped":0,"pct":100}}
,"/home/runner/work/neverever/neverever/src/constructors.ts": {"lines":{"total":12,"covered":12,"skipped":0,"pct":100},"functions":{"total":8,"covered":8,"skipped":0,"pct":100},"statements":{"total":28,"covered":28,"skipped":0,"pct":100},"branches":{"total":0,"covered":0,"skipped":0,"pct":100}}
,"/home/runner/work/neverever/neverever/src/utils.ts": {"lines":{"total":16,"covered":16,"skipped":0,"pct":100},"functions":{"total":3,"covered":3,"skipped":0,"pct":100},"statements":{"total":20,"covered":20,"skipped":0,"pct":100},"branches":{"total":7,"covered":7,"skipped":0,"pct":100}}
}
