TN:
SF:src/Option.ts
FN:15,(anonymous_0)
FN:31,(anonymous_1)
FN:46,(anonymous_2)
FN:63,(anonymous_3)
FN:79,(anonymous_4)
FN:98,(anonymous_5)
FN:113,(anonymous_6)
FN:129,(anonymous_7)
FN:146,(anonymous_8)
FN:165,(anonymous_9)
FN:182,(anonymous_10)
FN:201,(anonymous_11)
FN:203,(anonymous_12)
FN:205,(anonymous_13)
FN:206,(anonymous_14)
FN:208,(anonymous_15)
FN:224,(anonymous_16)
FN:242,(anonymous_17)
FN:258,(anonymous_18)
FN:274,(anonymous_19)
FN:297,(anonymous_20)
FN:314,(anonymous_21)
FN:328,(anonymous_22)
FN:344,(anonymous_23)
FN:362,(anonymous_24)
FN:383,(anonymous_25)
FN:386,(anonymous_26)
FN:404,isOption
FNF:28
FNH:28
FNDA:112,(anonymous_0)
FNDA:87,(anonymous_1)
FNDA:90,(anonymous_2)
FNDA:11,(anonymous_3)
FNDA:2,(anonymous_4)
FNDA:6,(anonymous_5)
FNDA:32,(anonymous_6)
FNDA:6,(anonymous_7)
FNDA:16,(anonymous_8)
FNDA:3,(anonymous_9)
FNDA:3,(anonymous_10)
FNDA:3,(anonymous_11)
FNDA:2,(anonymous_12)
FNDA:1,(anonymous_13)
FNDA:1,(anonymous_14)
FNDA:1,(anonymous_15)
FNDA:8,(anonymous_16)
FNDA:3,(anonymous_17)
FNDA:73,(anonymous_18)
FNDA:2,(anonymous_19)
FNDA:62,(anonymous_20)
FNDA:2,(anonymous_21)
FNDA:3,(anonymous_22)
FNDA:3,(anonymous_23)
FNDA:2,(anonymous_24)
FNDA:3,(anonymous_25)
FNDA:6,(anonymous_26)
FNDA:7,isOption
DA:3,5
DA:4,5
DA:15,112
DA:17,5
DA:32,87
DA:47,90
DA:64,11
DA:80,2
DA:81,2
DA:83,1
DA:99,6
DA:114,32
DA:130,6
DA:147,16
DA:166,3
DA:183,3
DA:202,3
DA:204,2
DA:205,1
DA:206,1
DA:208,1
DA:225,8
DA:226,5
DA:227,5
DA:243,3
DA:259,73
DA:275,2
DA:298,62
DA:315,2
DA:329,3
DA:345,3
DA:363,2
DA:364,2
DA:384,3
DA:385,3
DA:386,6
DA:388,3
DA:405,7
DA:408,5
LF:39
LH:39
BRDA:64,0,0,7
BRDA:64,0,1,4
BRDA:130,1,0,6
BRDA:130,1,1,4
BRDA:147,2,0,9
BRDA:147,2,1,7
BRDA:166,3,0,2
BRDA:166,3,1,1
BRDA:183,4,0,1
BRDA:183,4,1,2
BRDA:183,5,0,3
BRDA:183,5,1,2
BRDA:225,6,0,3
BRDA:227,7,0,2
BRDA:227,7,1,3
BRDA:243,8,0,1
BRDA:243,8,1,2
BRDA:259,9,0,50
BRDA:259,9,1,23
BRDA:275,10,0,1
BRDA:275,10,1,1
BRDA:298,11,0,36
BRDA:298,11,1,26
BRDA:315,12,0,1
BRDA:315,12,1,1
BRDA:329,13,0,2
BRDA:329,13,1,1
BRDA:345,14,0,2
BRDA:345,14,1,1
BRDA:346,15,0,1
BRDA:346,15,1,1
BRDA:363,16,0,1
BRF:32
BRH:32
end_of_record
TN:
SF:src/OptionAsync.ts
FN:15,(anonymous_0)
FN:31,(anonymous_1)
FN:32,(anonymous_2)
FN:46,(anonymous_3)
FN:68,(anonymous_4)
FN:69,(anonymous_5)
FN:90,(anonymous_6)
FN:93,(anonymous_7)
FN:94,(anonymous_8)
FN:95,(anonymous_9)
FN:111,(anonymous_10)
FN:112,(anonymous_11)
FN:127,(anonymous_12)
FN:128,(anonymous_13)
FN:145,(anonymous_14)
FN:146,(anonymous_15)
FN:168,(anonymous_16)
FN:170,(anonymous_17)
FN:172,(anonymous_18)
FN:172,(anonymous_19)
FN:173,(anonymous_20)
FN:198,(anonymous_21)
FN:200,(anonymous_22)
FN:202,(anonymous_23)
FN:206,(anonymous_24)
FN:229,(anonymous_25)
FN:231,(anonymous_26)
FN:233,(anonymous_27)
FN:233,(anonymous_28)
FN:234,(anonymous_29)
FN:260,(anonymous_30)
FN:262,(anonymous_31)
FN:264,(anonymous_32)
FN:266,(anonymous_33)
FN:267,(anonymous_34)
FN:269,(anonymous_35)
FN:292,(anonymous_36)
FN:294,(anonymous_37)
FN:296,(anonymous_38)
FN:301,(anonymous_39)
FN:322,(anonymous_40)
FN:324,(anonymous_41)
FN:326,(anonymous_42)
FN:327,(anonymous_43)
FN:352,(anonymous_44)
FN:353,(anonymous_45)
FN:369,(anonymous_46)
FN:370,(anonymous_47)
FN:372,(anonymous_48)
FN:373,(anonymous_49)
FN:400,(anonymous_50)
FN:401,(anonymous_51)
FN:403,(anonymous_52)
FN:404,(anonymous_53)
FN:425,(anonymous_54)
FN:427,(anonymous_55)
FN:429,(anonymous_56)
FN:430,(anonymous_57)
FN:430,(anonymous_58)
FN:453,(anonymous_59)
FN:455,(anonymous_60)
FN:457,(anonymous_61)
FN:458,(anonymous_62)
FN:479,(anonymous_63)
FN:481,(anonymous_64)
FN:483,(anonymous_65)
FN:483,(anonymous_66)
FN:484,(anonymous_67)
FN:513,(anonymous_68)
FN:516,(anonymous_69)
FN:535,isOptionAsync
FNF:71
FNH:71
FNDA:121,(anonymous_0)
FNDA:36,(anonymous_1)
FNDA:36,(anonymous_2)
FNDA:32,(anonymous_3)
FNDA:8,(anonymous_4)
FNDA:8,(anonymous_5)
FNDA:5,(anonymous_6)
FNDA:5,(anonymous_7)
FNDA:2,(anonymous_8)
FNDA:3,(anonymous_9)
FNDA:4,(anonymous_10)
FNDA:4,(anonymous_11)
FNDA:22,(anonymous_12)
FNDA:22,(anonymous_13)
FNDA:3,(anonymous_14)
FNDA:3,(anonymous_15)
FNDA:6,(anonymous_16)
FNDA:6,(anonymous_17)
FNDA:4,(anonymous_18)
FNDA:4,(anonymous_19)
FNDA:2,(anonymous_20)
FNDA:6,(anonymous_21)
FNDA:6,(anonymous_22)
FNDA:4,(anonymous_23)
FNDA:2,(anonymous_24)
FNDA:5,(anonymous_25)
FNDA:5,(anonymous_26)
FNDA:3,(anonymous_27)
FNDA:3,(anonymous_28)
FNDA:2,(anonymous_29)
FNDA:5,(anonymous_30)
FNDA:5,(anonymous_31)
FNDA:3,(anonymous_32)
FNDA:2,(anonymous_33)
FNDA:1,(anonymous_34)
FNDA:2,(anonymous_35)
FNDA:5,(anonymous_36)
FNDA:5,(anonymous_37)
FNDA:4,(anonymous_38)
FNDA:1,(anonymous_39)
FNDA:6,(anonymous_40)
FNDA:6,(anonymous_41)
FNDA:2,(anonymous_42)
FNDA:4,(anonymous_43)
FNDA:42,(anonymous_44)
FNDA:42,(anonymous_45)
FNDA:4,(anonymous_46)
FNDA:4,(anonymous_47)
FNDA:2,(anonymous_48)
FNDA:2,(anonymous_49)
FNDA:4,(anonymous_50)
FNDA:4,(anonymous_51)
FNDA:2,(anonymous_52)
FNDA:2,(anonymous_53)
FNDA:4,(anonymous_54)
FNDA:4,(anonymous_55)
FNDA:2,(anonymous_56)
FNDA:2,(anonymous_57)
FNDA:2,(anonymous_58)
FNDA:3,(anonymous_59)
FNDA:3,(anonymous_60)
FNDA:2,(anonymous_61)
FNDA:1,(anonymous_62)
FNDA:4,(anonymous_63)
FNDA:4,(anonymous_64)
FNDA:2,(anonymous_65)
FNDA:2,(anonymous_66)
FNDA:2,(anonymous_67)
FNDA:2,(anonymous_68)
FNDA:4,(anonymous_69)
FNDA:5,isOptionAsync
DA:3,5
DA:4,5
DA:5,5
DA:15,121
DA:32,36
DA:47,32
DA:69,8
DA:91,5
DA:93,5
DA:94,2
DA:95,3
DA:112,4
DA:128,22
DA:146,3
DA:169,6
DA:171,6
DA:172,4
DA:173,2
DA:199,6
DA:201,6
DA:203,4
DA:204,4
DA:206,2
DA:230,5
DA:232,5
DA:233,3
DA:234,2
DA:261,5
DA:263,5
DA:265,3
DA:266,2
DA:267,1
DA:269,2
DA:293,5
DA:295,5
DA:297,4
DA:298,3
DA:299,1
DA:301,1
DA:323,6
DA:325,6
DA:326,2
DA:328,4
DA:329,4
DA:353,42
DA:370,4
DA:371,4
DA:372,2
DA:373,2
DA:401,4
DA:402,4
DA:403,2
DA:404,2
DA:426,4
DA:428,4
DA:429,2
DA:430,2
DA:454,3
DA:456,3
DA:457,2
DA:458,1
DA:480,4
DA:482,4
DA:483,2
DA:484,2
DA:514,2
DA:515,2
DA:516,4
DA:518,2
DA:536,5
DA:539,5
LF:71
LH:71
BRDA:204,0,0,2
BRDA:204,0,1,2
BRDA:233,1,0,2
BRDA:233,1,1,1
BRDA:262,2,0,3
BRDA:262,2,1,2
BRDA:297,3,0,1
BRDA:298,4,0,2
BRDA:329,5,0,2
BRDA:329,5,1,2
BRDA:457,6,0,1
BRDA:457,6,1,1
BRF:12
BRH:12
end_of_record
TN:
SF:src/Result.ts
FN:15,(anonymous_0)
FN:32,(anonymous_1)
FN:49,(anonymous_2)
FN:68,(anonymous_3)
FN:100,(anonymous_4)
FN:104,(anonymous_5)
FN:124,(anonymous_6)
FN:140,(anonymous_7)
FN:158,(anonymous_8)
FN:178,(anonymous_9)
FN:200,(anonymous_10)
FN:223,(anonymous_11)
FN:242,(anonymous_12)
FN:264,(anonymous_13)
FN:290,(anonymous_14)
FN:292,(anonymous_15)
FN:294,(anonymous_16)
FN:295,(anonymous_17)
FN:297,(anonymous_18)
FN:317,(anonymous_19)
FN:336,(anonymous_20)
FN:353,(anonymous_21)
FN:378,(anonymous_22)
FN:395,(anonymous_23)
FN:414,(anonymous_24)
FN:435,(anonymous_25)
FN:457,(anonymous_26)
FN:477,(anonymous_27)
FN:496,(anonymous_28)
FN:515,isResult
FNF:30
FNH:30
FNDA:219,(anonymous_0)
FNDA:98,(anonymous_1)
FNDA:83,(anonymous_2)
FNDA:10,(anonymous_3)
FNDA:3,(anonymous_4)
FNDA:1,(anonymous_5)
FNDA:16,(anonymous_6)
FNDA:20,(anonymous_7)
FNDA:6,(anonymous_8)
FNDA:8,(anonymous_9)
FNDA:2,(anonymous_10)
FNDA:3,(anonymous_11)
FNDA:3,(anonymous_12)
FNDA:3,(anonymous_13)
FNDA:3,(anonymous_14)
FNDA:2,(anonymous_15)
FNDA:1,(anonymous_16)
FNDA:1,(anonymous_17)
FNDA:1,(anonymous_18)
FNDA:5,(anonymous_19)
FNDA:67,(anonymous_20)
FNDA:2,(anonymous_21)
FNDA:112,(anonymous_22)
FNDA:2,(anonymous_23)
FNDA:2,(anonymous_24)
FNDA:3,(anonymous_25)
FNDA:2,(anonymous_26)
FNDA:2,(anonymous_27)
FNDA:3,(anonymous_28)
FNDA:6,isResult
DA:3,5
DA:4,5
DA:15,219
DA:17,5
DA:33,98
DA:50,83
DA:69,10
DA:101,3
DA:102,3
DA:103,2
DA:104,1
DA:106,1
DA:108,1
DA:125,16
DA:141,20
DA:159,6
DA:179,8
DA:201,2
DA:224,3
DA:243,3
DA:265,3
DA:291,3
DA:293,2
DA:294,1
DA:295,1
DA:297,1
DA:318,5
DA:319,4
DA:320,4
DA:337,67
DA:354,2
DA:379,112
DA:396,2
DA:415,2
DA:436,3
DA:437,2
DA:439,1
DA:458,2
DA:459,2
DA:478,2
DA:479,2
DA:497,3
DA:516,6
DA:519,5
LF:44
LH:44
BRDA:69,0,0,7
BRDA:69,0,1,3
BRDA:103,1,0,1
BRDA:159,2,0,6
BRDA:159,2,1,4
BRDA:179,3,0,5
BRDA:179,3,1,3
BRDA:201,4,0,1
BRDA:201,4,1,1
BRDA:224,5,0,2
BRDA:224,5,1,1
BRDA:243,6,0,1
BRDA:243,6,1,2
BRDA:265,7,0,1
BRDA:265,7,1,2
BRDA:265,8,0,3
BRDA:265,8,1,2
BRDA:267,9,0,1
BRDA:267,9,1,1
BRDA:318,10,0,1
BRDA:320,11,0,1
BRDA:320,11,1,3
BRDA:337,12,0,56
BRDA:337,12,1,11
BRDA:354,13,0,1
BRDA:354,13,1,1
BRDA:379,14,0,38
BRDA:379,14,1,74
BRDA:396,15,0,1
BRDA:396,15,1,1
BRDA:415,16,0,1
BRDA:415,16,1,1
BRDA:436,17,0,2
BRDA:437,18,0,1
BRDA:437,18,1,1
BRDA:458,19,0,1
BRDA:478,20,0,1
BRF:37
BRH:37
end_of_record
TN:
SF:src/ResultAsync.ts
FN:15,(anonymous_0)
FN:32,(anonymous_1)
FN:33,(anonymous_2)
FN:51,(anonymous_3)
FN:52,(anonymous_4)
FN:75,(anonymous_5)
FN:76,(anonymous_6)
FN:102,(anonymous_7)
FN:105,(anonymous_8)
FN:106,(anonymous_9)
FN:107,(anonymous_10)
FN:125,(anonymous_11)
FN:126,(anonymous_12)
FN:126,(anonymous_13)
FN:142,(anonymous_14)
FN:143,(anonymous_15)
FN:143,(anonymous_16)
FN:158,(anonymous_17)
FN:159,(anonymous_18)
FN:174,(anonymous_19)
FN:175,(anonymous_20)
FN:192,(anonymous_21)
FN:193,(anonymous_22)
FN:215,(anonymous_23)
FN:217,(anonymous_24)
FN:219,(anonymous_25)
FN:220,(anonymous_26)
FN:245,(anonymous_27)
FN:247,(anonymous_28)
FN:249,(anonymous_29)
FN:250,(anonymous_30)
FN:276,(anonymous_31)
FN:278,(anonymous_32)
FN:280,(anonymous_33)
FN:284,(anonymous_34)
FN:308,(anonymous_35)
FN:310,(anonymous_36)
FN:312,(anonymous_37)
FN:313,(anonymous_38)
FN:340,(anonymous_39)
FN:342,(anonymous_40)
FN:344,(anonymous_41)
FN:350,(anonymous_42)
FN:377,(anonymous_43)
FN:379,(anonymous_44)
FN:381,(anonymous_45)
FN:383,(anonymous_46)
FN:384,(anonymous_47)
FN:386,(anonymous_48)
FN:409,(anonymous_49)
FN:411,(anonymous_50)
FN:413,(anonymous_51)
FN:418,(anonymous_52)
FN:440,(anonymous_53)
FN:441,(anonymous_54)
FN:457,(anonymous_55)
FN:458,(anonymous_56)
FN:460,(anonymous_57)
FN:461,(anonymous_58)
FN:488,(anonymous_59)
FN:489,(anonymous_60)
FN:491,(anonymous_61)
FN:492,(anonymous_62)
FN:512,(anonymous_63)
FN:513,(anonymous_64)
FN:513,(anonymous_65)
FN:513,(anonymous_66)
FN:533,(anonymous_67)
FN:535,(anonymous_68)
FN:537,(anonymous_69)
FN:538,(anonymous_70)
FN:559,(anonymous_71)
FN:561,(anonymous_72)
FN:563,(anonymous_73)
FN:567,(anonymous_74)
FN:588,(anonymous_75)
FN:590,(anonymous_76)
FN:592,(anonymous_77)
FN:593,(anonymous_78)
FN:617,isResultAsync
FNF:80
FNH:80
FNDA:140,(anonymous_0)
FNDA:39,(anonymous_1)
FNDA:39,(anonymous_2)
FNDA:32,(anonymous_3)
FNDA:32,(anonymous_4)
FNDA:7,(anonymous_5)
FNDA:7,(anonymous_6)
FNDA:4,(anonymous_7)
FNDA:4,(anonymous_8)
FNDA:2,(anonymous_9)
FNDA:2,(anonymous_10)
FNDA:2,(anonymous_11)
FNDA:1,(anonymous_12)
FNDA:1,(anonymous_13)
FNDA:2,(anonymous_14)
FNDA:1,(anonymous_15)
FNDA:1,(anonymous_16)
FNDA:11,(anonymous_17)
FNDA:11,(anonymous_18)
FNDA:14,(anonymous_19)
FNDA:14,(anonymous_20)
FNDA:3,(anonymous_21)
FNDA:3,(anonymous_22)
FNDA:6,(anonymous_23)
FNDA:6,(anonymous_24)
FNDA:4,(anonymous_25)
FNDA:2,(anonymous_26)
FNDA:3,(anonymous_27)
FNDA:3,(anonymous_28)
FNDA:1,(anonymous_29)
FNDA:2,(anonymous_30)
FNDA:6,(anonymous_31)
FNDA:6,(anonymous_32)
FNDA:4,(anonymous_33)
FNDA:2,(anonymous_34)
FNDA:6,(anonymous_35)
FNDA:6,(anonymous_36)
FNDA:2,(anonymous_37)
FNDA:4,(anonymous_38)
FNDA:6,(anonymous_39)
FNDA:6,(anonymous_40)
FNDA:4,(anonymous_41)
FNDA:2,(anonymous_42)
FNDA:6,(anonymous_43)
FNDA:6,(anonymous_44)
FNDA:4,(anonymous_45)
FNDA:2,(anonymous_46)
FNDA:2,(anonymous_47)
FNDA:2,(anonymous_48)
FNDA:4,(anonymous_49)
FNDA:4,(anonymous_50)
FNDA:3,(anonymous_51)
FNDA:1,(anonymous_52)
FNDA:40,(anonymous_53)
FNDA:40,(anonymous_54)
FNDA:4,(anonymous_55)
FNDA:4,(anonymous_56)
FNDA:2,(anonymous_57)
FNDA:2,(anonymous_58)
FNDA:35,(anonymous_59)
FNDA:35,(anonymous_60)
FNDA:2,(anonymous_61)
FNDA:33,(anonymous_62)
FNDA:2,(anonymous_63)
FNDA:2,(anonymous_64)
FNDA:1,(anonymous_65)
FNDA:1,(anonymous_66)
FNDA:3,(anonymous_67)
FNDA:3,(anonymous_68)
FNDA:2,(anonymous_69)
FNDA:1,(anonymous_70)
FNDA:4,(anonymous_71)
FNDA:4,(anonymous_72)
FNDA:2,(anonymous_73)
FNDA:2,(anonymous_74)
FNDA:3,(anonymous_75)
FNDA:3,(anonymous_76)
FNDA:1,(anonymous_77)
FNDA:2,(anonymous_78)
FNDA:5,isResultAsync
DA:3,5
DA:4,5
DA:15,140
DA:33,39
DA:52,32
DA:76,7
DA:103,4
DA:105,4
DA:106,2
DA:107,2
DA:126,2
DA:143,2
DA:159,11
DA:175,14
DA:193,3
DA:216,6
DA:218,6
DA:219,4
DA:220,2
DA:246,3
DA:248,3
DA:249,1
DA:250,2
DA:277,6
DA:279,6
DA:281,4
DA:282,4
DA:284,2
DA:309,6
DA:311,6
DA:312,2
DA:314,4
DA:315,4
DA:341,6
DA:343,6
DA:345,4
DA:346,2
DA:348,2
DA:350,2
DA:378,6
DA:380,6
DA:382,4
DA:383,2
DA:384,2
DA:386,2
DA:410,4
DA:412,4
DA:414,3
DA:415,2
DA:416,1
DA:418,1
DA:441,40
DA:458,4
DA:459,4
DA:460,2
DA:461,2
DA:489,35
DA:490,35
DA:491,2
DA:492,33
DA:513,2
DA:534,3
DA:536,3
DA:537,2
DA:538,1
DA:560,4
DA:562,4
DA:564,2
DA:565,2
DA:567,2
DA:589,3
DA:591,3
DA:592,1
DA:594,2
DA:595,2
DA:618,5
DA:621,5
LF:77
LH:77
BRDA:282,0,0,2
BRDA:282,0,1,2
BRDA:315,1,0,2
BRDA:315,1,1,2
BRDA:345,2,0,2
BRDA:379,3,0,3
BRDA:379,3,1,3
BRDA:414,4,0,1
BRDA:415,5,0,1
BRDA:537,6,0,1
BRDA:537,6,1,1
BRF:11
BRH:11
end_of_record
TN:
SF:src/utils.ts
FN:175,pipe
FN:229,unwrapMaybePromise
FNF:2
FNH:2
FNDA:13,pipe
FNDA:14,unwrapMaybePromise
DA:176,13
DA:177,13
DA:179,13
DA:180,25
DA:181,6
DA:183,19
DA:184,19
DA:185,7
DA:190,13
DA:230,14
DA:233,1
LF:11
LH:11
BRDA:180,0,0,6
BRDA:180,0,1,19
BRDA:184,1,0,7
BRF:3
BRH:3
end_of_record
