TN:
SF:src/Option.ts
FN:16,(anonymous_0)
FN:40,(anonymous_1)
FN:55,(anonymous_2)
FN:72,(anonymous_3)
FN:88,(anonymous_4)
FN:114,(anonymous_5)
FN:143,(anonymous_6)
FN:158,(anonymous_7)
FN:174,(anonymous_8)
FN:193,(anonymous_9)
FN:197,(anonymous_10)
FN:218,(anonymous_11)
FN:241,(anonymous_12)
FN:245,(anonymous_13)
FN:267,(anonymous_14)
FN:272,(anonymous_15)
FN:274,(anonymous_16)
FN:275,(anonymous_17)
FN:277,(anonymous_18)
FN:293,(anonymous_19)
FN:313,(anonymous_20)
FN:333,(anonymous_21)
FN:349,(anonymous_22)
FN:360,(anonymous_23)
FN:370,(anonymous_24)
FN:385,(anonymous_25)
FN:400,(anonymous_26)
FN:424,(anonymous_27)
FN:441,(anonymous_28)
FN:455,(anonymous_29)
FN:471,(anonymous_30)
FN:491,(anonymous_31)
FN:494,(anonymous_32)
FN:513,(anonymous_33)
FN:516,(anonymous_34)
FN:524,(anonymous_35)
FN:527,(anonymous_36)
FN:531,(anonymous_37)
FN:536,(anonymous_38)
FN:541,(anonymous_39)
FN:558,isOption
FNF:41
FNH:41
FNDA:199,(anonymous_0)
FNDA:162,(anonymous_1)
FNDA:120,(anonymous_2)
FNDA:11,(anonymous_3)
FNDA:2,(anonymous_4)
FNDA:7,(anonymous_5)
FNDA:7,(anonymous_6)
FNDA:54,(anonymous_7)
FNDA:6,(anonymous_8)
FNDA:18,(anonymous_9)
FNDA:1,(anonymous_10)
FNDA:6,(anonymous_11)
FNDA:5,(anonymous_12)
FNDA:2,(anonymous_13)
FNDA:5,(anonymous_14)
FNDA:2,(anonymous_15)
FNDA:1,(anonymous_16)
FNDA:1,(anonymous_17)
FNDA:1,(anonymous_18)
FNDA:18,(anonymous_19)
FNDA:5,(anonymous_20)
FNDA:96,(anonymous_21)
FNDA:2,(anonymous_22)
FNDA:2,(anonymous_23)
FNDA:2,(anonymous_24)
FNDA:9,(anonymous_25)
FNDA:4,(anonymous_26)
FNDA:81,(anonymous_27)
FNDA:2,(anonymous_28)
FNDA:5,(anonymous_29)
FNDA:4,(anonymous_30)
FNDA:3,(anonymous_31)
FNDA:1,(anonymous_32)
FNDA:3,(anonymous_33)
FNDA:6,(anonymous_34)
FNDA:3,(anonymous_35)
FNDA:1,(anonymous_36)
FNDA:4,(anonymous_37)
FNDA:2,(anonymous_38)
FNDA:2,(anonymous_39)
FNDA:15,isOption
DA:3,6
DA:4,6
DA:6,6
DA:17,199
DA:23,199
DA:26,6
DA:41,162
DA:56,120
DA:73,11
DA:89,2
DA:90,2
DA:92,1
DA:115,7
DA:116,4
DA:117,4
DA:118,8
DA:119,6
DA:121,2
DA:123,3
DA:124,3
DA:125,6
DA:126,6
DA:127,5
DA:129,2
DA:144,7
DA:159,54
DA:175,6
DA:194,18
DA:195,11
DA:196,11
DA:197,1
DA:219,6
DA:220,5
DA:221,5
DA:222,4
DA:223,2
DA:242,5
DA:243,4
DA:244,4
DA:245,2
DA:247,2
DA:268,5
DA:269,2
DA:271,3
DA:273,2
DA:274,1
DA:275,1
DA:277,1
DA:294,18
DA:295,14
DA:296,14
DA:314,5
DA:315,4
DA:316,4
DA:317,3
DA:318,2
DA:334,96
DA:350,2
DA:361,2
DA:371,2
DA:386,9
DA:387,2
DA:401,4
DA:402,2
DA:425,81
DA:442,2
DA:456,5
DA:472,4
DA:492,3
DA:493,2
DA:494,2
DA:514,3
DA:515,3
DA:516,6
DA:518,3
DA:525,3
DA:526,2
DA:527,2
DA:532,4
DA:537,2
DA:542,2
DA:559,15
DA:562,6
LF:83
LH:83
BRDA:73,0,0,7
BRDA:73,0,1,4
BRDA:115,1,0,4
BRDA:118,2,0,2
BRDA:126,3,0,1
BRDA:175,4,0,6
BRDA:175,4,1,4
BRDA:194,5,0,7
BRDA:196,6,0,1
BRDA:196,6,1,10
BRDA:219,7,0,1
BRDA:221,8,0,1
BRDA:222,9,0,2
BRDA:242,10,0,1
BRDA:244,11,0,2
BRDA:245,12,0,1
BRDA:245,12,1,1
BRDA:247,13,0,1
BRDA:247,13,1,1
BRDA:268,14,0,2
BRDA:268,15,0,5
BRDA:268,15,1,4
BRDA:294,16,0,4
BRDA:296,17,0,6
BRDA:296,17,1,8
BRDA:314,18,0,1
BRDA:316,19,0,1
BRDA:317,20,0,1
BRDA:334,21,0,73
BRDA:334,21,1,23
BRDA:350,22,0,1
BRDA:350,22,1,1
BRDA:361,23,0,1
BRDA:361,23,1,1
BRDA:371,24,0,1
BRDA:371,24,1,1
BRDA:386,25,0,7
BRDA:401,26,0,2
BRDA:425,27,0,50
BRDA:425,27,1,31
BRDA:442,28,0,1
BRDA:442,28,1,1
BRDA:456,29,0,4
BRDA:456,29,1,1
BRDA:472,30,0,3
BRDA:472,30,1,1
BRDA:473,31,0,2
BRDA:473,31,1,1
BRDA:492,32,0,1
BRDA:494,33,0,1
BRDA:494,33,1,1
BRDA:525,34,0,1
BRDA:527,35,0,1
BRDA:527,35,1,1
BRDA:532,36,0,2
BRDA:532,36,1,2
BRDA:542,37,0,1
BRDA:542,37,1,1
BRF:58
BRH:58
end_of_record
TN:
SF:src/OptionAsync.ts
FN:15,(anonymous_0)
FN:26,(anonymous_1)
FN:38,(anonymous_2)
FN:48,(anonymous_3)
FN:57,(anonymous_4)
FN:74,(anonymous_5)
FN:77,(anonymous_6)
FN:81,(anonymous_7)
FN:86,(anonymous_8)
FN:86,(anonymous_9)
FN:88,(anonymous_10)
FN:108,(anonymous_11)
FN:109,(anonymous_12)
FN:123,(anonymous_13)
FN:145,(anonymous_14)
FN:146,(anonymous_15)
FN:167,(anonymous_16)
FN:170,(anonymous_17)
FN:171,(anonymous_18)
FN:172,(anonymous_19)
FN:188,(anonymous_20)
FN:189,(anonymous_21)
FN:204,(anonymous_22)
FN:205,(anonymous_23)
FN:222,(anonymous_24)
FN:223,(anonymous_25)
FN:245,(anonymous_26)
FN:247,(anonymous_27)
FN:249,(anonymous_28)
FN:249,(anonymous_29)
FN:250,(anonymous_30)
FN:275,(anonymous_31)
FN:277,(anonymous_32)
FN:279,(anonymous_33)
FN:283,(anonymous_34)
FN:306,(anonymous_35)
FN:308,(anonymous_36)
FN:310,(anonymous_37)
FN:310,(anonymous_38)
FN:311,(anonymous_39)
FN:337,(anonymous_40)
FN:339,(anonymous_41)
FN:341,(anonymous_42)
FN:343,(anonymous_43)
FN:344,(anonymous_44)
FN:346,(anonymous_45)
FN:369,(anonymous_46)
FN:371,(anonymous_47)
FN:373,(anonymous_48)
FN:378,(anonymous_49)
FN:399,(anonymous_50)
FN:401,(anonymous_51)
FN:403,(anonymous_52)
FN:404,(anonymous_53)
FN:429,(anonymous_54)
FN:430,(anonymous_55)
FN:446,(anonymous_56)
FN:447,(anonymous_57)
FN:449,(anonymous_58)
FN:450,(anonymous_59)
FN:461,(anonymous_60)
FN:462,(anonymous_61)
FN:462,(anonymous_62)
FN:462,(anonymous_63)
FN:471,(anonymous_64)
FN:472,(anonymous_65)
FN:472,(anonymous_66)
FN:472,(anonymous_67)
FN:481,(anonymous_68)
FN:482,(anonymous_69)
FN:491,(anonymous_70)
FN:492,(anonymous_71)
FN:517,(anonymous_72)
FN:518,(anonymous_73)
FN:520,(anonymous_74)
FN:521,(anonymous_75)
FN:542,(anonymous_76)
FN:544,(anonymous_77)
FN:546,(anonymous_78)
FN:547,(anonymous_79)
FN:547,(anonymous_80)
FN:570,(anonymous_81)
FN:572,(anonymous_82)
FN:574,(anonymous_83)
FN:575,(anonymous_84)
FN:596,(anonymous_85)
FN:598,(anonymous_86)
FN:600,(anonymous_87)
FN:600,(anonymous_88)
FN:601,(anonymous_89)
FN:630,(anonymous_90)
FN:633,(anonymous_91)
FN:639,(anonymous_92)
FN:644,(anonymous_93)
FN:649,(anonymous_94)
FN:667,isOptionAsync
FNF:96
FNH:96
FNDA:181,(anonymous_0)
FNDA:11,(anonymous_1)
FNDA:8,(anonymous_2)
FNDA:1,(anonymous_3)
FNDA:1,(anonymous_4)
FNDA:3,(anonymous_5)
FNDA:6,(anonymous_6)
FNDA:2,(anonymous_7)
FNDA:2,(anonymous_8)
FNDA:1,(anonymous_9)
FNDA:2,(anonymous_10)
FNDA:66,(anonymous_11)
FNDA:66,(anonymous_12)
FNDA:41,(anonymous_13)
FNDA:8,(anonymous_14)
FNDA:8,(anonymous_15)
FNDA:5,(anonymous_16)
FNDA:5,(anonymous_17)
FNDA:2,(anonymous_18)
FNDA:3,(anonymous_19)
FNDA:4,(anonymous_20)
FNDA:4,(anonymous_21)
FNDA:26,(anonymous_22)
FNDA:26,(anonymous_23)
FNDA:3,(anonymous_24)
FNDA:3,(anonymous_25)
FNDA:6,(anonymous_26)
FNDA:6,(anonymous_27)
FNDA:4,(anonymous_28)
FNDA:3,(anonymous_29)
FNDA:2,(anonymous_30)
FNDA:6,(anonymous_31)
FNDA:6,(anonymous_32)
FNDA:4,(anonymous_33)
FNDA:2,(anonymous_34)
FNDA:5,(anonymous_35)
FNDA:5,(anonymous_36)
FNDA:3,(anonymous_37)
FNDA:3,(anonymous_38)
FNDA:2,(anonymous_39)
FNDA:7,(anonymous_40)
FNDA:7,(anonymous_41)
FNDA:5,(anonymous_42)
FNDA:4,(anonymous_43)
FNDA:1,(anonymous_44)
FNDA:2,(anonymous_45)
FNDA:11,(anonymous_46)
FNDA:11,(anonymous_47)
FNDA:9,(anonymous_48)
FNDA:2,(anonymous_49)
FNDA:6,(anonymous_50)
FNDA:6,(anonymous_51)
FNDA:2,(anonymous_52)
FNDA:4,(anonymous_53)
FNDA:56,(anonymous_54)
FNDA:56,(anonymous_55)
FNDA:4,(anonymous_56)
FNDA:4,(anonymous_57)
FNDA:2,(anonymous_58)
FNDA:2,(anonymous_59)
FNDA:2,(anonymous_60)
FNDA:2,(anonymous_61)
FNDA:1,(anonymous_62)
FNDA:1,(anonymous_63)
FNDA:2,(anonymous_64)
FNDA:2,(anonymous_65)
FNDA:1,(anonymous_66)
FNDA:1,(anonymous_67)
FNDA:4,(anonymous_68)
FNDA:4,(anonymous_69)
FNDA:2,(anonymous_70)
FNDA:2,(anonymous_71)
FNDA:4,(anonymous_72)
FNDA:4,(anonymous_73)
FNDA:2,(anonymous_74)
FNDA:2,(anonymous_75)
FNDA:7,(anonymous_76)
FNDA:7,(anonymous_77)
FNDA:3,(anonymous_78)
FNDA:4,(anonymous_79)
FNDA:4,(anonymous_80)
FNDA:4,(anonymous_81)
FNDA:4,(anonymous_82)
FNDA:3,(anonymous_83)
FNDA:1,(anonymous_84)
FNDA:5,(anonymous_85)
FNDA:5,(anonymous_86)
FNDA:3,(anonymous_87)
FNDA:3,(anonymous_88)
FNDA:2,(anonymous_89)
FNDA:2,(anonymous_90)
FNDA:4,(anonymous_91)
FNDA:1,(anonymous_92)
FNDA:2,(anonymous_93)
FNDA:1,(anonymous_94)
FNDA:7,isOptionAsync
DA:3,6
DA:4,6
DA:5,6
DA:15,181
DA:27,11
DA:42,8
DA:51,1
DA:58,1
DA:77,3
DA:78,6
DA:79,3
DA:80,2
DA:81,2
DA:84,1
DA:85,1
DA:86,2
DA:87,1
DA:88,2
DA:89,1
DA:109,66
DA:124,41
DA:146,8
DA:168,5
DA:170,5
DA:171,2
DA:172,3
DA:189,4
DA:205,26
DA:223,3
DA:246,6
DA:248,6
DA:249,4
DA:250,2
DA:276,6
DA:278,6
DA:280,4
DA:281,4
DA:283,2
DA:307,5
DA:309,5
DA:310,3
DA:311,2
DA:338,7
DA:340,7
DA:342,5
DA:343,4
DA:344,1
DA:346,2
DA:370,11
DA:372,11
DA:374,9
DA:375,8
DA:376,2
DA:378,2
DA:400,6
DA:402,6
DA:403,2
DA:405,4
DA:406,4
DA:430,56
DA:447,4
DA:448,4
DA:449,2
DA:450,2
DA:462,2
DA:472,2
DA:482,4
DA:492,2
DA:518,4
DA:519,4
DA:520,2
DA:521,2
DA:543,7
DA:545,7
DA:546,3
DA:547,4
DA:571,4
DA:573,4
DA:574,3
DA:575,1
DA:597,5
DA:599,5
DA:600,3
DA:601,2
DA:631,2
DA:632,2
DA:633,4
DA:635,2
DA:640,1
DA:645,2
DA:650,1
DA:668,7
DA:671,6
LF:93
LH:93
BRDA:78,0,0,4
BRDA:78,0,1,2
BRDA:79,1,0,2
BRDA:281,2,0,2
BRDA:281,2,1,2
BRDA:310,3,0,2
BRDA:310,3,1,1
BRDA:339,4,0,4
BRDA:339,4,1,3
BRDA:374,5,0,1
BRDA:375,6,0,6
BRDA:406,7,0,2
BRDA:406,7,1,2
BRDA:574,8,0,2
BRDA:574,8,1,1
BRF:15
BRH:15
end_of_record
TN:
SF:src/Result.ts
FN:16,(anonymous_0)
FN:44,(anonymous_1)
FN:61,(anonymous_2)
FN:80,(anonymous_3)
FN:112,(anonymous_4)
FN:116,(anonymous_5)
FN:141,(anonymous_6)
FN:145,(anonymous_7)
FN:145,(anonymous_8)
FN:174,(anonymous_9)
FN:215,(anonymous_10)
FN:223,(anonymous_11)
FN:223,(anonymous_12)
FN:232,(anonymous_13)
FN:233,(anonymous_14)
FN:253,(anonymous_15)
FN:269,(anonymous_16)
FN:287,(anonymous_17)
FN:309,(anonymous_18)
FN:313,(anonymous_19)
FN:335,(anonymous_20)
FN:339,(anonymous_21)
FN:362,(anonymous_22)
FN:387,(anonymous_23)
FN:415,(anonymous_24)
FN:423,(anonymous_25)
FN:449,(anonymous_26)
FN:453,(anonymous_27)
FN:455,(anonymous_28)
FN:456,(anonymous_29)
FN:458,(anonymous_30)
FN:480,(anonymous_31)
FN:502,(anonymous_32)
FN:519,(anonymous_33)
FN:534,(anonymous_34)
FN:548,(anonymous_35)
FN:563,(anonymous_36)
FN:578,(anonymous_37)
FN:593,(anonymous_38)
FN:608,(anonymous_39)
FN:634,(anonymous_40)
FN:651,(anonymous_41)
FN:672,(anonymous_42)
FN:676,(anonymous_43)
FN:697,(anonymous_44)
FN:721,(anonymous_45)
FN:725,(anonymous_46)
FN:746,(anonymous_47)
FN:750,(anonymous_48)
FN:768,(anonymous_49)
FN:770,(anonymous_50)
FN:771,(anonymous_51)
FN:778,(anonymous_52)
FN:781,(anonymous_53)
FN:787,(anonymous_54)
FN:790,(anonymous_55)
FN:796,(anonymous_56)
FN:801,(anonymous_57)
FN:806,(anonymous_58)
FN:825,isResult
FNF:60
FNH:60
FNDA:399,(anonymous_0)
FNDA:205,(anonymous_1)
FNDA:133,(anonymous_2)
FNDA:10,(anonymous_3)
FNDA:5,(anonymous_4)
FNDA:1,(anonymous_5)
FNDA:1,(anonymous_6)
FNDA:2,(anonymous_7)
FNDA:2,(anonymous_8)
FNDA:7,(anonymous_9)
FNDA:6,(anonymous_10)
FNDA:4,(anonymous_11)
FNDA:4,(anonymous_12)
FNDA:4,(anonymous_13)
FNDA:2,(anonymous_14)
FNDA:19,(anonymous_15)
FNDA:43,(anonymous_16)
FNDA:6,(anonymous_17)
FNDA:14,(anonymous_18)
FNDA:2,(anonymous_19)
FNDA:3,(anonymous_20)
FNDA:1,(anonymous_21)
FNDA:7,(anonymous_22)
FNDA:5,(anonymous_23)
FNDA:5,(anonymous_24)
FNDA:2,(anonymous_25)
FNDA:5,(anonymous_26)
FNDA:2,(anonymous_27)
FNDA:1,(anonymous_28)
FNDA:1,(anonymous_29)
FNDA:1,(anonymous_30)
FNDA:16,(anonymous_31)
FNDA:101,(anonymous_32)
FNDA:2,(anonymous_33)
FNDA:2,(anonymous_34)
FNDA:2,(anonymous_35)
FNDA:13,(anonymous_36)
FNDA:4,(anonymous_37)
FNDA:4,(anonymous_38)
FNDA:4,(anonymous_39)
FNDA:171,(anonymous_40)
FNDA:2,(anonymous_41)
FNDA:3,(anonymous_42)
FNDA:1,(anonymous_43)
FNDA:5,(anonymous_44)
FNDA:3,(anonymous_45)
FNDA:1,(anonymous_46)
FNDA:3,(anonymous_47)
FNDA:1,(anonymous_48)
FNDA:5,(anonymous_49)
FNDA:4,(anonymous_50)
FNDA:1,(anonymous_51)
FNDA:3,(anonymous_52)
FNDA:1,(anonymous_53)
FNDA:3,(anonymous_54)
FNDA:1,(anonymous_55)
FNDA:7,(anonymous_56)
FNDA:2,(anonymous_57)
FNDA:2,(anonymous_58)
FNDA:16,isResult
DA:3,6
DA:4,6
DA:6,6
DA:17,399
DA:23,399
DA:28,399
DA:45,205
DA:62,133
DA:81,10
DA:113,5
DA:114,5
DA:115,3
DA:116,1
DA:118,2
DA:120,2
DA:145,2
DA:177,7
DA:178,4
DA:179,4
DA:180,10
DA:181,8
DA:183,2
DA:185,3
DA:186,3
DA:187,6
DA:188,6
DA:189,5
DA:191,2
DA:218,6
DA:219,6
DA:220,3
DA:221,3
DA:222,3
DA:223,8
DA:225,3
DA:229,3
DA:230,3
DA:231,6
DA:232,4
DA:233,2
DA:236,3
DA:254,19
DA:270,43
DA:288,6
DA:310,14
DA:311,10
DA:312,10
DA:313,2
DA:336,3
DA:337,2
DA:338,2
DA:339,1
DA:363,7
DA:364,6
DA:365,6
DA:366,5
DA:367,3
DA:388,5
DA:389,4
DA:390,4
DA:391,3
DA:392,2
DA:419,5
DA:420,4
DA:421,4
DA:422,2
DA:423,2
DA:426,2
DA:450,5
DA:451,4
DA:452,3
DA:454,2
DA:455,1
DA:456,1
DA:458,1
DA:481,16
DA:482,13
DA:483,13
DA:503,101
DA:520,2
DA:535,2
DA:549,2
DA:564,13
DA:565,2
DA:579,4
DA:580,2
DA:594,4
DA:595,2
DA:609,4
DA:610,2
DA:635,171
DA:652,2
DA:673,3
DA:674,2
DA:675,2
DA:676,1
DA:698,5
DA:699,3
DA:701,2
DA:722,3
DA:723,2
DA:724,2
DA:725,1
DA:747,3
DA:748,2
DA:749,2
DA:750,1
DA:769,5
DA:770,4
DA:771,1
DA:779,3
DA:780,2
DA:781,2
DA:788,3
DA:789,2
DA:790,2
DA:797,7
DA:802,2
DA:807,2
DA:826,16
DA:829,6
LF:121
LH:121
BRDA:81,0,0,7
BRDA:81,0,1,3
BRDA:115,1,0,1
BRDA:177,2,0,4
BRDA:180,3,0,2
BRDA:188,4,0,1
BRDA:219,5,0,3
BRDA:225,6,0,2
BRDA:225,6,1,1
BRDA:236,7,0,2
BRDA:236,7,1,1
BRDA:288,8,0,6
BRDA:288,8,1,4
BRDA:310,9,0,4
BRDA:312,10,0,2
BRDA:312,10,1,8
BRDA:336,11,0,1
BRDA:338,12,0,1
BRDA:338,12,1,1
BRDA:363,13,0,1
BRDA:365,14,0,1
BRDA:366,15,0,2
BRDA:388,16,0,1
BRDA:390,17,0,1
BRDA:391,18,0,1
BRDA:419,19,0,1
BRDA:421,20,0,2
BRDA:423,21,0,1
BRDA:423,21,1,1
BRDA:426,22,0,1
BRDA:426,22,1,1
BRDA:450,23,0,1
BRDA:451,24,0,1
BRDA:481,25,0,3
BRDA:483,26,0,5
BRDA:483,26,1,8
BRDA:503,27,0,87
BRDA:503,27,1,14
BRDA:520,28,0,1
BRDA:520,28,1,1
BRDA:535,29,0,1
BRDA:535,29,1,1
BRDA:549,30,0,1
BRDA:549,30,1,1
BRDA:564,31,0,11
BRDA:579,32,0,2
BRDA:594,33,0,2
BRDA:609,34,0,2
BRDA:635,35,0,65
BRDA:635,35,1,106
BRDA:652,36,0,1
BRDA:652,36,1,1
BRDA:673,37,0,1
BRDA:675,38,0,1
BRDA:675,38,1,1
BRDA:698,39,0,3
BRDA:699,40,0,2
BRDA:699,40,1,1
BRDA:722,41,0,1
BRDA:724,42,0,1
BRDA:724,42,1,1
BRDA:747,43,0,1
BRDA:749,44,0,1
BRDA:749,44,1,1
BRDA:779,45,0,1
BRDA:781,46,0,1
BRDA:781,46,1,1
BRDA:788,47,0,1
BRDA:790,48,0,1
BRDA:790,48,1,1
BRDA:797,49,0,5
BRDA:797,49,1,2
BRDA:807,50,0,1
BRDA:807,50,1,1
BRF:74
BRH:74
end_of_record
TN:
SF:src/ResultAsync.ts
FN:15,(anonymous_0)
FN:27,(anonymous_1)
FN:39,(anonymous_2)
FN:49,(anonymous_3)
FN:58,(anonymous_4)
FN:79,(anonymous_5)
FN:83,(anonymous_6)
FN:105,(anonymous_7)
FN:109,(anonymous_8)
FN:118,(anonymous_9)
FN:121,(anonymous_10)
FN:127,(anonymous_11)
FN:128,(anonymous_12)
FN:130,(anonymous_13)
FN:151,(anonymous_14)
FN:152,(anonymous_15)
FN:170,(anonymous_16)
FN:171,(anonymous_17)
FN:194,(anonymous_18)
FN:195,(anonymous_19)
FN:221,(anonymous_20)
FN:224,(anonymous_21)
FN:225,(anonymous_22)
FN:226,(anonymous_23)
FN:244,(anonymous_24)
FN:245,(anonymous_25)
FN:245,(anonymous_26)
FN:261,(anonymous_27)
FN:262,(anonymous_28)
FN:262,(anonymous_29)
FN:276,(anonymous_30)
FN:280,(anonymous_31)
FN:280,(anonymous_32)
FN:295,(anonymous_33)
FN:296,(anonymous_34)
FN:311,(anonymous_35)
FN:312,(anonymous_36)
FN:329,(anonymous_37)
FN:330,(anonymous_38)
FN:357,(anonymous_39)
FN:359,(anonymous_40)
FN:361,(anonymous_41)
FN:362,(anonymous_42)
FN:387,(anonymous_43)
FN:389,(anonymous_44)
FN:391,(anonymous_45)
FN:392,(anonymous_46)
FN:418,(anonymous_47)
FN:420,(anonymous_48)
FN:422,(anonymous_49)
FN:426,(anonymous_50)
FN:450,(anonymous_51)
FN:452,(anonymous_52)
FN:454,(anonymous_53)
FN:455,(anonymous_54)
FN:482,(anonymous_55)
FN:484,(anonymous_56)
FN:486,(anonymous_57)
FN:492,(anonymous_58)
FN:519,(anonymous_59)
FN:521,(anonymous_60)
FN:523,(anonymous_61)
FN:525,(anonymous_62)
FN:526,(anonymous_63)
FN:528,(anonymous_64)
FN:551,(anonymous_65)
FN:553,(anonymous_66)
FN:555,(anonymous_67)
FN:560,(anonymous_68)
FN:582,(anonymous_69)
FN:583,(anonymous_70)
FN:599,(anonymous_71)
FN:600,(anonymous_72)
FN:602,(anonymous_73)
FN:603,(anonymous_74)
FN:614,(anonymous_75)
FN:615,(anonymous_76)
FN:615,(anonymous_77)
FN:615,(anonymous_78)
FN:624,(anonymous_79)
FN:625,(anonymous_80)
FN:625,(anonymous_81)
FN:625,(anonymous_82)
FN:634,(anonymous_83)
FN:635,(anonymous_84)
FN:643,(anonymous_85)
FN:644,(anonymous_86)
FN:653,(anonymous_87)
FN:654,(anonymous_88)
FN:663,(anonymous_89)
FN:664,(anonymous_90)
FN:689,(anonymous_91)
FN:690,(anonymous_92)
FN:692,(anonymous_93)
FN:693,(anonymous_94)
FN:713,(anonymous_95)
FN:714,(anonymous_96)
FN:714,(anonymous_97)
FN:714,(anonymous_98)
FN:734,(anonymous_99)
FN:736,(anonymous_100)
FN:738,(anonymous_101)
FN:739,(anonymous_102)
FN:760,(anonymous_103)
FN:762,(anonymous_104)
FN:764,(anonymous_105)
FN:768,(anonymous_106)
FN:789,(anonymous_107)
FN:791,(anonymous_108)
FN:793,(anonymous_109)
FN:794,(anonymous_110)
FN:804,(anonymous_111)
FN:809,(anonymous_112)
FN:814,(anonymous_113)
FN:819,(anonymous_114)
FN:838,isResultAsync
FNF:116
FNH:116
FNDA:227,(anonymous_0)
FNDA:27,(anonymous_1)
FNDA:8,(anonymous_2)
FNDA:1,(anonymous_3)
FNDA:1,(anonymous_4)
FNDA:3,(anonymous_5)
FNDA:3,(anonymous_6)
FNDA:2,(anonymous_7)
FNDA:2,(anonymous_8)
FNDA:5,(anonymous_9)
FNDA:12,(anonymous_10)
FNDA:4,(anonymous_11)
FNDA:2,(anonymous_12)
FNDA:4,(anonymous_13)
FNDA:76,(anonymous_14)
FNDA:76,(anonymous_15)
FNDA:47,(anonymous_16)
FNDA:47,(anonymous_17)
FNDA:7,(anonymous_18)
FNDA:7,(anonymous_19)
FNDA:6,(anonymous_20)
FNDA:6,(anonymous_21)
FNDA:3,(anonymous_22)
FNDA:3,(anonymous_23)
FNDA:2,(anonymous_24)
FNDA:1,(anonymous_25)
FNDA:1,(anonymous_26)
FNDA:2,(anonymous_27)
FNDA:1,(anonymous_28)
FNDA:1,(anonymous_29)
FNDA:1,(anonymous_30)
FNDA:2,(anonymous_31)
FNDA:2,(anonymous_32)
FNDA:12,(anonymous_33)
FNDA:12,(anonymous_34)
FNDA:15,(anonymous_35)
FNDA:15,(anonymous_36)
FNDA:3,(anonymous_37)
FNDA:3,(anonymous_38)
FNDA:6,(anonymous_39)
FNDA:6,(anonymous_40)
FNDA:4,(anonymous_41)
FNDA:2,(anonymous_42)
FNDA:3,(anonymous_43)
FNDA:3,(anonymous_44)
FNDA:1,(anonymous_45)
FNDA:2,(anonymous_46)
FNDA:7,(anonymous_47)
FNDA:7,(anonymous_48)
FNDA:5,(anonymous_49)
FNDA:2,(anonymous_50)
FNDA:6,(anonymous_51)
FNDA:6,(anonymous_52)
FNDA:2,(anonymous_53)
FNDA:4,(anonymous_54)
FNDA:6,(anonymous_55)
FNDA:6,(anonymous_56)
FNDA:4,(anonymous_57)
FNDA:2,(anonymous_58)
FNDA:8,(anonymous_59)
FNDA:8,(anonymous_60)
FNDA:6,(anonymous_61)
FNDA:4,(anonymous_62)
FNDA:2,(anonymous_63)
FNDA:2,(anonymous_64)
FNDA:11,(anonymous_65)
FNDA:11,(anonymous_66)
FNDA:9,(anonymous_67)
FNDA:2,(anonymous_68)
FNDA:60,(anonymous_69)
FNDA:60,(anonymous_70)
FNDA:4,(anonymous_71)
FNDA:4,(anonymous_72)
FNDA:2,(anonymous_73)
FNDA:2,(anonymous_74)
FNDA:2,(anonymous_75)
FNDA:2,(anonymous_76)
FNDA:1,(anonymous_77)
FNDA:1,(anonymous_78)
FNDA:2,(anonymous_79)
FNDA:2,(anonymous_80)
FNDA:1,(anonymous_81)
FNDA:1,(anonymous_82)
FNDA:5,(anonymous_83)
FNDA:5,(anonymous_84)
FNDA:2,(anonymous_85)
FNDA:2,(anonymous_86)
FNDA:2,(anonymous_87)
FNDA:2,(anonymous_88)
FNDA:2,(anonymous_89)
FNDA:2,(anonymous_90)
FNDA:49,(anonymous_91)
FNDA:49,(anonymous_92)
FNDA:2,(anonymous_93)
FNDA:47,(anonymous_94)
FNDA:2,(anonymous_95)
FNDA:2,(anonymous_96)
FNDA:1,(anonymous_97)
FNDA:1,(anonymous_98)
FNDA:4,(anonymous_99)
FNDA:4,(anonymous_100)
FNDA:3,(anonymous_101)
FNDA:1,(anonymous_102)
FNDA:5,(anonymous_103)
FNDA:5,(anonymous_104)
FNDA:3,(anonymous_105)
FNDA:2,(anonymous_106)
FNDA:4,(anonymous_107)
FNDA:4,(anonymous_108)
FNDA:1,(anonymous_109)
FNDA:3,(anonymous_110)
FNDA:1,(anonymous_111)
FNDA:1,(anonymous_112)
FNDA:2,(anonymous_113)
FNDA:1,(anonymous_114)
FNDA:8,isResultAsync
DA:3,6
DA:4,6
DA:15,227
DA:28,27
DA:43,8
DA:52,1
DA:59,1
DA:82,3
DA:84,3
DA:108,2
DA:110,2
DA:121,5
DA:122,12
DA:123,5
DA:124,3
DA:126,2
DA:127,4
DA:129,2
DA:130,4
DA:131,2
DA:152,76
DA:171,47
DA:195,7
DA:222,6
DA:224,6
DA:225,3
DA:226,3
DA:245,2
DA:262,2
DA:280,2
DA:296,12
DA:312,15
DA:330,3
DA:358,6
DA:360,6
DA:361,4
DA:362,2
DA:388,3
DA:390,3
DA:391,1
DA:392,2
DA:419,7
DA:421,7
DA:423,5
DA:424,5
DA:426,2
DA:451,6
DA:453,6
DA:454,2
DA:456,4
DA:457,4
DA:483,6
DA:485,6
DA:487,4
DA:488,2
DA:490,2
DA:492,2
DA:520,8
DA:522,8
DA:524,6
DA:525,4
DA:526,2
DA:528,2
DA:552,11
DA:554,11
DA:556,9
DA:557,8
DA:558,2
DA:560,2
DA:583,60
DA:600,4
DA:601,4
DA:602,2
DA:603,2
DA:615,2
DA:625,2
DA:635,5
DA:644,2
DA:654,2
DA:664,2
DA:690,49
DA:691,49
DA:692,2
DA:693,47
DA:714,2
DA:735,4
DA:737,4
DA:738,3
DA:739,1
DA:761,5
DA:763,5
DA:765,3
DA:766,3
DA:768,2
DA:790,4
DA:792,4
DA:793,1
DA:795,3
DA:796,3
DA:805,1
DA:810,1
DA:815,2
DA:820,1
DA:839,8
DA:842,6
LF:105
LH:105
BRDA:84,0,0,2
BRDA:84,0,1,1
BRDA:110,1,0,1
BRDA:110,1,1,1
BRDA:122,2,0,9
BRDA:122,2,1,3
BRDA:123,3,0,3
BRDA:424,4,0,2
BRDA:424,4,1,3
BRDA:457,5,0,2
BRDA:457,5,1,2
BRDA:487,6,0,2
BRDA:521,7,0,5
BRDA:521,7,1,3
BRDA:556,8,0,1
BRDA:557,9,0,6
BRDA:738,10,0,2
BRDA:738,10,1,1
BRF:18
BRH:18
end_of_record
TN:
SF:src/constructors.ts
FN:25,(anonymous_0)
FN:35,(anonymous_1)
FN:43,(anonymous_2)
FN:51,(anonymous_3)
FN:59,(anonymous_4)
FN:67,(anonymous_5)
FN:75,(anonymous_6)
FN:83,(anonymous_7)
FNF:8
FNH:8
FNDA:55,(anonymous_0)
FNDA:26,(anonymous_1)
FNDA:35,(anonymous_2)
FNDA:15,(anonymous_3)
FNDA:26,(anonymous_4)
FNDA:13,(anonymous_5)
FNDA:23,(anonymous_6)
FNDA:7,(anonymous_7)
DA:11,1
DA:12,1
DA:13,1
DA:14,1
DA:25,55
DA:35,26
DA:43,35
DA:51,15
DA:59,26
DA:67,13
DA:75,23
DA:83,7
LF:12
LH:12
BRF:0
BRH:0
end_of_record
TN:
SF:src/utils.ts
FN:175,pipe
FN:229,unwrapMaybePromise
FN:238,display
FNF:3
FNH:3
FNDA:13,pipe
FNDA:14,unwrapMaybePromise
FNDA:9,display
DA:176,13
DA:177,13
DA:179,13
DA:180,25
DA:181,6
DA:183,19
DA:184,19
DA:185,7
DA:190,13
DA:230,14
DA:239,9
DA:240,7
DA:241,2
DA:242,2
DA:244,1
DA:248,6
LF:16
LH:16
BRDA:180,0,0,6
BRDA:180,0,1,19
BRDA:184,1,0,7
BRDA:239,2,0,2
BRDA:240,3,0,5
BRDA:240,4,0,7
BRDA:240,4,1,6
BRF:7
BRH:7
end_of_record
